<?xml version="1.0" encoding="UTF-8"?>
<!-- Generated by org.testng.reporters.JUnitReportReporter -->
<testsuite hostname="SREENU-PC" failures="0" tests="1" name="chandra_mpj.chandra.Maximize" time="22.062" errors="0" timestamp="2019-12-06T12:14:07 IST" skipped="0">
  <testcase classname="chandra_mpj.chandra.Maximize" name="max" time="22.062"/>
</testsuite> <!-- chandra_mpj.chandra.Maximize -->
