<?xml version="1.0" encoding="UTF-8"?>
<!-- Generated by org.testng.reporters.JUnitReportReporter -->
<testsuite hostname="SREENU-PC" failures="0" tests="1" name="chandra_mpj.chandra.facebookTest" time="0.015" errors="0" timestamp="2019-12-04T14:34:52 IST" skipped="0">
  <testcase classname="chandra_mpj.chandra.facebookTest" name="f" time="0.015"/>
</testsuite> <!-- chandra_mpj.chandra.facebookTest -->
