<?xml version="1.0" encoding="UTF-8"?>
<!-- Generated by org.testng.reporters.JUnitReportReporter -->
<testsuite hostname="SREENU-PC" failures="0" tests="1" name="chandra_mpj.chandra.Test3" time="0.003" errors="0" timestamp="2019-12-04T12:34:06 IST" skipped="0">
  <testcase classname="chandra_mpj.chandra.Test3" name="test3" time="0.003"/>
</testsuite> <!-- chandra_mpj.chandra.Test3 -->
