<?xml version="1.0" encoding="UTF-8"?>
<!-- Generated by org.testng.reporters.JUnitReportReporter -->
<testsuite hostname="SREENU-PC" failures="0" tests="1" name="Testngpractice.Basicinfo" time="0.010" errors="0" timestamp="2019-12-08T11:26:45 IST" skipped="0">
  <testcase classname="Testngpractice.Basicinfo" name="c4" time="0.010"/>
</testsuite> <!-- Testngpractice.Basicinfo -->
