<?xml version="1.0" encoding="UTF-8"?>
<!-- Generated by org.testng.reporters.JUnitReportReporter -->
<testsuite hostname="SREENU-PC" failures="0" tests="2" name="chandra_mpj.chandra.Parameters1" time="0.005" errors="0" timestamp="2019-12-08T08:51:56 IST" skipped="0">
  <testcase classname="chandra_mpj.chandra.Parameters1" name="test4" time="0.003"/>
  <testcase classname="chandra_mpj.chandra.Parameters1" name="test3" time="0.002"/>
</testsuite> <!-- chandra_mpj.chandra.Parameters1 -->
