<?xml version="1.0" encoding="UTF-8"?>
<!-- Generated by org.testng.reporters.JUnitReportReporter -->
<testsuite hostname="SREENU-PC" failures="0" tests="2" name="Testngpractice.Class4" time="0.016" errors="0" timestamp="2019-12-08T13:27:55 IST" skipped="0">
  <testcase classname="Testngpractice.Class4" name="g2" time="0.013"/>
  <testcase classname="Testngpractice.Class4" name="g1" time="0.003"/>
</testsuite> <!-- Testngpractice.Class4 -->
