<?xml version="1.0" encoding="UTF-8"?>
<!-- Generated by org.testng.reporters.JUnitReportReporter -->
<testsuite hostname="SREENU-PC" failures="0" tests="3" name="chandra_mpj.chandra.Para" time="0.013" errors="0" timestamp="2019-12-06T10:35:05 IST" skipped="0">
  <testcase classname="chandra_mpj.chandra.Para" name="test1" time="0.008"/>
  <testcase classname="chandra_mpj.chandra.Para" name="test3" time="0.002"/>
  <testcase classname="chandra_mpj.chandra.Para" name="test2" time="0.003"/>
</testsuite> <!-- chandra_mpj.chandra.Para -->
