<?xml version="1.0" encoding="UTF-8"?>
<!-- Generated by org.testng.reporters.JUnitReportReporter -->
<testsuite hostname="SREENU-PC" failures="0" tests="1" name="chandra_mpj.chandra.App" time="0.017" errors="0" timestamp="2019-10-25T18:16:00 IST" skipped="0">
  <testcase classname="chandra_mpj.chandra.App" name="m1" time="0.017"/>
</testsuite> <!-- chandra_mpj.chandra.App -->
