<?xml version="1.0" encoding="UTF-8"?>
<!-- Generated by org.testng.reporters.JUnitReportReporter -->
<testsuite hostname="SREENU-PC" failures="0" tests="1" name="chandra_mpj.chandra.Hashma" time="0.662" errors="0" timestamp="2019-11-21T16:56:15 IST" skipped="0">
  <testcase classname="chandra_mpj.chandra.Hashma" name="chandra" time="0.662"/>
</testsuite> <!-- chandra_mpj.chandra.Hashma -->
