<?xml version="1.0" encoding="UTF-8"?>
<!-- Generated by org.testng.reporters.JUnitReportReporter -->
<testsuite hostname="SREENU-PC" failures="0" tests="2" name="Testngpractice.Class2" time="0.012" errors="0" timestamp="2019-12-08T12:18:27 IST" skipped="0">
  <testcase classname="Testngpractice.Class2" name="e1" time="0.008"/>
  <testcase classname="Testngpractice.Class2" name="e2" time="0.004"/>
</testsuite> <!-- Testngpractice.Class2 -->
