<?xml version="1.0" encoding="UTF-8"?>
<!-- Generated by org.testng.reporters.JUnitReportReporter -->
<testsuite hostname="SREENU-PC" failures="0" tests="1" name="Testngpractice.Class1" time="0.016" errors="0" timestamp="2019-12-08T13:52:04 IST" skipped="0">
  <testcase classname="Testngpractice.Class1" name="d1" time="0.016"/>
</testsuite> <!-- Testngpractice.Class1 -->
