<?xml version="1.0" encoding="UTF-8"?>
<!-- Generated by org.testng.reporters.JUnitReportReporter -->
<testsuite hostname="SREENU-PC" failures="0" tests="1" name="chandra_mpj.chandra.launch" time="35.305" errors="0" timestamp="2019-11-20T12:40:16 IST" skipped="0">
  <testcase classname="chandra_mpj.chandra.launch" name="lunch1" time="35.305"/>
</testsuite> <!-- chandra_mpj.chandra.launch -->
