<?xml version="1.0" encoding="UTF-8"?>
<!-- Generated by org.testng.reporters.JUnitReportReporter -->
<testsuite hostname="SREENU-PC" failures="0" tests="3" name="Testngpractice.Class3" time="0.013" errors="0" timestamp="2019-12-08T13:09:47 IST" skipped="0">
  <testcase classname="Testngpractice.Class3" name="chandra" time="0.008"/>
  <testcase classname="Testngpractice.Class3" name="dBC" time="0.001"/>
  <testcase classname="Testngpractice.Class3" name="abc" time="0.004"/>
</testsuite> <!-- Testngpractice.Class3 -->
