<?xml version="1.0" encoding="UTF-8"?>
<!-- Generated by org.testng.reporters.JUnitReportReporter -->
<testsuite hostname="SREENU-PC" failures="0" tests="1" name="Testngpractice.Lunchapplication" time="0.014" errors="0" timestamp="2019-12-08T14:09:51 IST" skipped="0">
  <testcase classname="Testngpractice.Lunchapplication" name="gettitle" time="0.014"/>
</testsuite> <!-- Testngpractice.Lunchapplication -->
