<?xml version="1.0" encoding="UTF-8"?>
<!-- Generated by org.testng.reporters.JUnitReportReporter -->
<testsuite hostname="SREENU-PC" failures="0" tests="2" name="chandra_mpj.chandra.tests" time="0.012" errors="0" timestamp="2019-12-04T12:34:06 IST" skipped="0">
  <testcase classname="chandra_mpj.chandra.tests" name="test" time="0.008"/>
  <testcase classname="chandra_mpj.chandra.tests" name="west" time="0.004"/>
</testsuite> <!-- chandra_mpj.chandra.tests -->
