<?xml version="1.0" encoding="UTF-8"?>
<!-- Generated by org.testng.reporters.JUnitReportReporter -->
<testsuite hostname="SREENU-PC" failures="0" tests="3" name="chandra_mpj.chandra.Parameters" time="0.009" errors="0" timestamp="2019-12-05T15:48:12 IST" skipped="1">
  <testcase classname="chandra_mpj.chandra.Parameters" name="test3" time="0.002"/>
  <testcase classname="chandra_mpj.chandra.Parameters" name="test1" time="0.007"/>
  <testcase classname="chandra_mpj.chandra.Parameters" name="test2">
    <skipped/>
  </testcase> <!-- test2 -->
</testsuite> <!-- chandra_mpj.chandra.Parameters -->
