<?xml version="1.0" encoding="UTF-8"?>
<!-- Generated by org.testng.reporters.JUnitReportReporter -->
<testsuite hostname="SREENU-PC" failures="0" tests="1" name="NewTest" time="0.012" errors="0" timestamp="2019-12-08T08:31:03 IST" skipped="0">
  <testcase classname="NewTest" name="f" time="0.012"/>
</testsuite> <!-- NewTest -->
