<?xml version="1.0" encoding="UTF-8"?>
<!-- Generated by org.testng.reporters.JUnitReportReporter -->
<testsuite hostname="SREENU-PC" failures="0" tests="1" name="chandra_mpj.chandra.Compamy" time="0.012" errors="0" timestamp="2019-12-08T12:54:43 IST" skipped="0">
  <testcase classname="chandra_mpj.chandra.Compamy" name="oracle" time="0.012"/>
</testsuite> <!-- chandra_mpj.chandra.Compamy -->
